This file contains any messages produced by compilers while
running configure, to aid debugging if configure makes a mistake.

It was created by RealBoy configure 0.2.2, which was
generated by GNU Autoconf 2.69.  Invocation command line was

  $ ./configure 

## --------- ##
## Platform. ##
## --------- ##

hostname = lubuntu
uname -m = i686
uname -r = 3.16.0-28-generic
uname -s = Linux
uname -v = #38-Ubuntu SMP Fri Dec 12 17:38:37 UTC 2014

/usr/bin/uname -p = unknown
/bin/uname -X     = unknown

/bin/arch              = unknown
/usr/bin/arch -k       = unknown
/usr/convex/getsysinfo = unknown
/usr/bin/hostinfo      = unknown
/bin/machine           = unknown
/usr/bin/oslevel       = unknown
/bin/universe          = unknown

PATH: /usr/local/sbin
PATH: /usr/local/bin
PATH: /usr/sbin
PATH: /usr/bin
PATH: /sbin
PATH: /bin
PATH: /usr/games
PATH: /usr/local/games


## ----------- ##
## Core tests. ##
## ----------- ##

configure:2202: checking build system type
configure:2216: result: i686-pc-linux-gnu
configure:2236: checking host system type
configure:2249: result: i686-pc-linux-gnu
configure:2269: checking target system type
configure:2282: result: i686-pc-linux-gnu
configure:2357: checking for gcc
configure:2373: found /usr/bin/gcc
configure:2384: result: gcc
configure:2613: checking for C compiler version
configure:2622: gcc --version >&5
gcc (Ubuntu 4.9.1-16ubuntu6) 4.9.1
Copyright (C) 2014 Free Software Foundation, Inc.
This is free software; see the source for copying conditions.  There is NO
warranty; not even for MERCHANTABILITY or FITNESS FOR A PARTICULAR PURPOSE.

configure:2633: $? = 0
configure:2622: gcc -v >&5
Using built-in specs.
COLLECT_GCC=gcc
COLLECT_LTO_WRAPPER=/usr/lib/gcc/i686-linux-gnu/4.9/lto-wrapper
Target: i686-linux-gnu
Configured with: ../src/configure -v --with-pkgversion='Ubuntu 4.9.1-16ubuntu6' --with-bugurl=file:///usr/share/doc/gcc-4.9/README.Bugs --enable-languages=c,c++,java,go,d,fortran,objc,obj-c++ --prefix=/usr --program-suffix=-4.9 --enable-shared --enable-linker-build-id --libexecdir=/usr/lib --without-included-gettext --enable-threads=posix --with-gxx-include-dir=/usr/include/c++/4.9 --libdir=/usr/lib --enable-nls --with-sysroot=/ --enable-clocale=gnu --enable-libstdcxx-debug --enable-libstdcxx-time=yes --enable-gnu-unique-object --disable-vtable-verify --enable-plugin --with-system-zlib --disable-browser-plugin --enable-java-awt=gtk --enable-gtk-cairo --with-java-home=/usr/lib/jvm/java-1.5.0-gcj-4.9-i386/jre --enable-java-home --with-jvm-root-dir=/usr/lib/jvm/java-1.5.0-gcj-4.9-i386 --with-jvm-jar-dir=/usr/lib/jvm-exports/java-1.5.0-gcj-4.9-i386 --with-arch-directory=i386 --with-ecj-jar=/usr/share/java/eclipse-ecj.jar --enable-objc-gc --enable-targets=all --enable-multiarch --disable-werror --with-arch-32=i686 --with-multilib-list=m32,m64,mx32 --enable-multilib --with-tune=generic --enable-checking=release --build=i686-linux-gnu --host=i686-linux-gnu --target=i686-linux-gnu
Thread model: posix
gcc version 4.9.1 (Ubuntu 4.9.1-16ubuntu6) 
configure:2633: $? = 0
configure:2622: gcc -V >&5
gcc: error: unrecognized command line option '-V'
gcc: fatal error: no input files
compilation terminated.
configure:2633: $? = 4
configure:2622: gcc -qversion >&5
gcc: error: unrecognized command line option '-qversion'
gcc: fatal error: no input files
compilation terminated.
configure:2633: $? = 4
configure:2653: checking whether the C compiler works
configure:2675: gcc    conftest.c  >&5
configure:2679: $? = 0
configure:2727: result: yes
configure:2730: checking for C compiler default output file name
configure:2732: result: a.out
configure:2738: checking for suffix of executables
configure:2745: gcc -o conftest    conftest.c  >&5
configure:2749: $? = 0
configure:2771: result: 
configure:2793: checking whether we are cross compiling
configure:2801: gcc -o conftest    conftest.c  >&5
configure:2805: $? = 0
configure:2812: ./conftest
configure:2816: $? = 0
configure:2831: result: no
configure:2836: checking for suffix of object files
configure:2858: gcc -c   conftest.c >&5
configure:2862: $? = 0
configure:2883: result: o
configure:2887: checking whether we are using the GNU C compiler
configure:2906: gcc -c   conftest.c >&5
configure:2906: $? = 0
configure:2915: result: yes
configure:2924: checking whether gcc accepts -g
configure:2944: gcc -c -g  conftest.c >&5
configure:2944: $? = 0
configure:2985: result: yes
configure:3002: checking for gcc option to accept ISO C89
configure:3065: gcc  -c -g -O2  conftest.c >&5
configure:3065: $? = 0
configure:3078: result: none needed
configure:3119: checking for style of include used by make
configure:3147: result: GNU
configure:3179: checking dependency style of gcc
configure:3288: result: none
configure:3322: checking for a BSD-compatible install
configure:3390: result: /usr/bin/install -c
configure:3401: checking whether build environment is sane
configure:3456: result: yes
configure:3607: checking for a thread-safe mkdir -p
configure:3646: result: /bin/mkdir -p
configure:3653: checking for gawk
configure:3683: result: no
configure:3653: checking for mawk
configure:3669: found /usr/bin/mawk
configure:3680: result: mawk
configure:3691: checking whether make sets $(MAKE)
configure:3713: result: yes
configure:3733: checking whether make supports nested variables
configure:3750: result: yes
configure:3835: checking dependency style of gcc
configure:3946: result: none
configure:4012: checking for gcc
configure:4039: result: gcc
configure:4268: checking for C compiler version
configure:4277: gcc --version >&5
gcc (Ubuntu 4.9.1-16ubuntu6) 4.9.1
Copyright (C) 2014 Free Software Foundation, Inc.
This is free software; see the source for copying conditions.  There is NO
warranty; not even for MERCHANTABILITY or FITNESS FOR A PARTICULAR PURPOSE.

configure:4288: $? = 0
configure:4277: gcc -v >&5
Using built-in specs.
COLLECT_GCC=gcc
COLLECT_LTO_WRAPPER=/usr/lib/gcc/i686-linux-gnu/4.9/lto-wrapper
Target: i686-linux-gnu
Configured with: ../src/configure -v --with-pkgversion='Ubuntu 4.9.1-16ubuntu6' --with-bugurl=file:///usr/share/doc/gcc-4.9/README.Bugs --enable-languages=c,c++,java,go,d,fortran,objc,obj-c++ --prefix=/usr --program-suffix=-4.9 --enable-shared --enable-linker-build-id --libexecdir=/usr/lib --without-included-gettext --enable-threads=posix --with-gxx-include-dir=/usr/include/c++/4.9 --libdir=/usr/lib --enable-nls --with-sysroot=/ --enable-clocale=gnu --enable-libstdcxx-debug --enable-libstdcxx-time=yes --enable-gnu-unique-object --disable-vtable-verify --enable-plugin --with-system-zlib --disable-browser-plugin --enable-java-awt=gtk --enable-gtk-cairo --with-java-home=/usr/lib/jvm/java-1.5.0-gcj-4.9-i386/jre --enable-java-home --with-jvm-root-dir=/usr/lib/jvm/java-1.5.0-gcj-4.9-i386 --with-jvm-jar-dir=/usr/lib/jvm-exports/java-1.5.0-gcj-4.9-i386 --with-arch-directory=i386 --with-ecj-jar=/usr/share/java/eclipse-ecj.jar --enable-objc-gc --enable-targets=all --enable-multiarch --disable-werror --with-arch-32=i686 --with-multilib-list=m32,m64,mx32 --enable-multilib --with-tune=generic --enable-checking=release --build=i686-linux-gnu --host=i686-linux-gnu --target=i686-linux-gnu
Thread model: posix
gcc version 4.9.1 (Ubuntu 4.9.1-16ubuntu6) 
configure:4288: $? = 0
configure:4277: gcc -V >&5
gcc: error: unrecognized command line option '-V'
gcc: fatal error: no input files
compilation terminated.
configure:4288: $? = 4
configure:4277: gcc -qversion >&5
gcc: error: unrecognized command line option '-qversion'
gcc: fatal error: no input files
compilation terminated.
configure:4288: $? = 4
configure:4292: checking whether we are using the GNU C compiler
configure:4320: result: yes
configure:4329: checking whether gcc accepts -g
configure:4390: result: yes
configure:4407: checking for gcc option to accept ISO C89
configure:4483: result: none needed
configure:4507: checking for SDL_Init in -lSDL
configure:4532: gcc -o conftest -g -O2   conftest.c -lSDL   >&5
configure:4532: $? = 0
configure:4541: result: yes
configure:4561: checking how to run the C preprocessor
configure:4592: gcc -E  conftest.c
configure:4592: $? = 0
configure:4606: gcc -E  conftest.c
conftest.c:12:28: fatal error: ac_nonexistent.h: No such file or directory
 #include <ac_nonexistent.h>
                            ^
compilation terminated.
configure:4606: $? = 1
configure: failed program was:
| /* confdefs.h */
| #define PACKAGE_NAME "RealBoy"
| #define PACKAGE_TARNAME "realboy"
| #define PACKAGE_VERSION "0.2.2"
| #define PACKAGE_STRING "RealBoy 0.2.2"
| #define PACKAGE_BUGREPORT ""
| #define PACKAGE_URL ""
| #define PACKAGE "realboy"
| #define VERSION "0.2.2"
| #define HAVE_LIBSDL 1
| /* end confdefs.h.  */
| #include <ac_nonexistent.h>
configure:4631: result: gcc -E
configure:4651: gcc -E  conftest.c
configure:4651: $? = 0
configure:4665: gcc -E  conftest.c
conftest.c:12:28: fatal error: ac_nonexistent.h: No such file or directory
 #include <ac_nonexistent.h>
                            ^
compilation terminated.
configure:4665: $? = 1
configure: failed program was:
| /* confdefs.h */
| #define PACKAGE_NAME "RealBoy"
| #define PACKAGE_TARNAME "realboy"
| #define PACKAGE_VERSION "0.2.2"
| #define PACKAGE_STRING "RealBoy 0.2.2"
| #define PACKAGE_BUGREPORT ""
| #define PACKAGE_URL ""
| #define PACKAGE "realboy"
| #define VERSION "0.2.2"
| #define HAVE_LIBSDL 1
| /* end confdefs.h.  */
| #include <ac_nonexistent.h>
configure:4694: checking for grep that handles long lines and -e
configure:4752: result: /bin/grep
configure:4757: checking for egrep
configure:4819: result: /bin/grep -E
configure:4824: checking for ANSI C header files
configure:4844: gcc -c -g -O2  conftest.c >&5
configure:4844: $? = 0
configure:4917: gcc -o conftest -g -O2   conftest.c -lSDL  >&5
configure:4917: $? = 0
configure:4917: ./conftest
configure:4917: $? = 0
configure:4928: result: yes
configure:4941: checking for sys/types.h
configure:4941: gcc -c -g -O2  conftest.c >&5
configure:4941: $? = 0
configure:4941: result: yes
configure:4941: checking for sys/stat.h
configure:4941: gcc -c -g -O2  conftest.c >&5
configure:4941: $? = 0
configure:4941: result: yes
configure:4941: checking for stdlib.h
configure:4941: gcc -c -g -O2  conftest.c >&5
configure:4941: $? = 0
configure:4941: result: yes
configure:4941: checking for string.h
configure:4941: gcc -c -g -O2  conftest.c >&5
configure:4941: $? = 0
configure:4941: result: yes
configure:4941: checking for memory.h
configure:4941: gcc -c -g -O2  conftest.c >&5
configure:4941: $? = 0
configure:4941: result: yes
configure:4941: checking for strings.h
configure:4941: gcc -c -g -O2  conftest.c >&5
configure:4941: $? = 0
configure:4941: result: yes
configure:4941: checking for inttypes.h
configure:4941: gcc -c -g -O2  conftest.c >&5
configure:4941: $? = 0
configure:4941: result: yes
configure:4941: checking for stdint.h
configure:4941: gcc -c -g -O2  conftest.c >&5
configure:4941: $? = 0
configure:4941: result: yes
configure:4941: checking for unistd.h
configure:4941: gcc -c -g -O2  conftest.c >&5
configure:4941: $? = 0
configure:4941: result: yes
configure:4956: checking fcntl.h usability
configure:4956: gcc -c -g -O2  conftest.c >&5
configure:4956: $? = 0
configure:4956: result: yes
configure:4956: checking fcntl.h presence
configure:4956: gcc -E  conftest.c
configure:4956: $? = 0
configure:4956: result: yes
configure:4956: checking for fcntl.h
configure:4956: result: yes
configure:4956: checking for stdlib.h
configure:4956: result: yes
configure:4956: checking for string.h
configure:4956: result: yes
configure:4956: checking sys/time.h usability
configure:4956: gcc -c -g -O2  conftest.c >&5
configure:4956: $? = 0
configure:4956: result: yes
configure:4956: checking sys/time.h presence
configure:4956: gcc -E  conftest.c
configure:4956: $? = 0
configure:4956: result: yes
configure:4956: checking for sys/time.h
configure:4956: result: yes
configure:4956: checking termios.h usability
configure:4956: gcc -c -g -O2  conftest.c >&5
configure:4956: $? = 0
configure:4956: result: yes
configure:4956: checking termios.h presence
configure:4956: gcc -E  conftest.c
configure:4956: $? = 0
configure:4956: result: yes
configure:4956: checking for termios.h
configure:4956: result: yes
configure:4956: checking for unistd.h
configure:4956: result: yes
configure:4956: checking SDL/SDL.h usability
configure:4956: gcc -c -g -O2  conftest.c >&5
configure:4956: $? = 0
configure:4956: result: yes
configure:4956: checking SDL/SDL.h presence
configure:4956: gcc -E  conftest.c
configure:4956: $? = 0
configure:4956: result: yes
configure:4956: checking for SDL/SDL.h
configure:4956: result: yes
configure:4973: checking for atexit
configure:4973: gcc -o conftest -g -O2   conftest.c -lSDL  >&5
configure:4973: $? = 0
configure:4973: result: yes
configure:4973: checking for getcwd
configure:4973: gcc -o conftest -g -O2   conftest.c -lSDL  >&5
configure:4973: $? = 0
configure:4973: result: yes
configure:4973: checking for gettimeofday
configure:4973: gcc -o conftest -g -O2   conftest.c -lSDL  >&5
configure:4973: $? = 0
configure:4973: result: yes
configure:4973: checking for memset
configure:4973: gcc -o conftest -g -O2   conftest.c -lSDL  >&5
conftest.c:55:6: warning: conflicting types for built-in function 'memset'
 char memset ();
      ^
configure:4973: $? = 0
configure:4973: result: yes
configure:4973: checking for strndup
configure:4973: gcc -o conftest -g -O2   conftest.c -lSDL  >&5
conftest.c:56:6: warning: conflicting types for built-in function 'strndup'
 char strndup ();
      ^
configure:4973: $? = 0
configure:4973: result: yes
configure:5133: checking that generated files are newer than configure
configure:5139: result: done
configure:5166: creating ./config.status

## ---------------------- ##
## Running config.status. ##
## ---------------------- ##

This file was extended by RealBoy config.status 0.2.2, which was
generated by GNU Autoconf 2.69.  Invocation command line was

  CONFIG_FILES    = 
  CONFIG_HEADERS  = 
  CONFIG_LINKS    = 
  CONFIG_COMMANDS = 
  $ ./config.status 

on lubuntu

config.status:887: creating Makefile
config.status:887: creating src/Makefile
config.status:887: creating config.h
config.status:1068: config.h is unchanged
config.status:1116: executing depfiles commands

## ---------------- ##
## Cache variables. ##
## ---------------- ##

ac_cv_build=i686-pc-linux-gnu
ac_cv_c_compiler_gnu=yes
ac_cv_env_CCASFLAGS_set=
ac_cv_env_CCASFLAGS_value=
ac_cv_env_CCAS_set=
ac_cv_env_CCAS_value=
ac_cv_env_CC_set=
ac_cv_env_CC_value=
ac_cv_env_CFLAGS_set=
ac_cv_env_CFLAGS_value=
ac_cv_env_CPPFLAGS_set=
ac_cv_env_CPPFLAGS_value=
ac_cv_env_CPP_set=
ac_cv_env_CPP_value=
ac_cv_env_LDFLAGS_set=
ac_cv_env_LDFLAGS_value=
ac_cv_env_LIBS_set=
ac_cv_env_LIBS_value=
ac_cv_env_build_alias_set=
ac_cv_env_build_alias_value=
ac_cv_env_host_alias_set=
ac_cv_env_host_alias_value=
ac_cv_env_target_alias_set=
ac_cv_env_target_alias_value=
ac_cv_func_atexit=yes
ac_cv_func_getcwd=yes
ac_cv_func_gettimeofday=yes
ac_cv_func_memset=yes
ac_cv_func_strndup=yes
ac_cv_header_SDL_SDL_h=yes
ac_cv_header_fcntl_h=yes
ac_cv_header_inttypes_h=yes
ac_cv_header_memory_h=yes
ac_cv_header_stdc=yes
ac_cv_header_stdint_h=yes
ac_cv_header_stdlib_h=yes
ac_cv_header_string_h=yes
ac_cv_header_strings_h=yes
ac_cv_header_sys_stat_h=yes
ac_cv_header_sys_time_h=yes
ac_cv_header_sys_types_h=yes
ac_cv_header_termios_h=yes
ac_cv_header_unistd_h=yes
ac_cv_host=i686-pc-linux-gnu
ac_cv_lib_SDL_SDL_Init=yes
ac_cv_objext=o
ac_cv_path_EGREP='/bin/grep -E'
ac_cv_path_GREP=/bin/grep
ac_cv_path_install='/usr/bin/install -c'
ac_cv_path_mkdir=/bin/mkdir
ac_cv_prog_AWK=mawk
ac_cv_prog_CPP='gcc -E'
ac_cv_prog_ac_ct_CC=gcc
ac_cv_prog_cc_c89=
ac_cv_prog_cc_g=yes
ac_cv_prog_make_make_set=yes
ac_cv_target=i686-pc-linux-gnu
am_cv_CCAS_dependencies_compiler_type=none
am_cv_CC_dependencies_compiler_type=none
am_cv_make_support_nested_variables=yes

## ----------------- ##
## Output variables. ##
## ----------------- ##

ACLOCAL='${SHELL} /home/schambda/Projects/gameboy/gbunit/realboy-0.2.2/config/missing aclocal-1.13'
AMDEPBACKSLASH='\'
AMDEP_FALSE='#'
AMDEP_TRUE=''
AMTAR='$${TAR-tar}'
AM_BACKSLASH='\'
AM_DEFAULT_V='$(AM_DEFAULT_VERBOSITY)'
AM_DEFAULT_VERBOSITY='1'
AM_V='$(V)'
AUTOCONF='${SHELL} /home/schambda/Projects/gameboy/gbunit/realboy-0.2.2/config/missing autoconf'
AUTOHEADER='${SHELL} /home/schambda/Projects/gameboy/gbunit/realboy-0.2.2/config/missing autoheader'
AUTOMAKE='${SHELL} /home/schambda/Projects/gameboy/gbunit/realboy-0.2.2/config/missing automake-1.13'
AWK='mawk'
CC='gcc'
CCAS='gcc'
CCASDEPMODE='depmode=none'
CCASFLAGS='-g -O2'
CCDEPMODE='depmode=none'
CFLAGS='-g -O2'
CPP='gcc -E'
CPPFLAGS=''
CYGPATH_W='echo'
DEFS='-DHAVE_CONFIG_H'
DEPDIR='.deps'
ECHO_C=''
ECHO_N='-n'
ECHO_T=''
EGREP='/bin/grep -E'
EXEEXT=''
GREP='/bin/grep'
HOST_IS_OPENBSD_FALSE=''
HOST_IS_OPENBSD_TRUE='#'
INSTALL_DATA='${INSTALL} -m 644'
INSTALL_PROGRAM='${INSTALL}'
INSTALL_SCRIPT='${INSTALL}'
INSTALL_STRIP_PROGRAM='$(install_sh) -c -s'
LDFLAGS=''
LIBOBJS=''
LIBS='-lSDL '
LTLIBOBJS=''
MAKEINFO='${SHELL} /home/schambda/Projects/gameboy/gbunit/realboy-0.2.2/config/missing makeinfo'
MKDIR_P='/bin/mkdir -p'
OBJEXT='o'
PACKAGE='realboy'
PACKAGE_BUGREPORT=''
PACKAGE_NAME='RealBoy'
PACKAGE_STRING='RealBoy 0.2.2'
PACKAGE_TARNAME='realboy'
PACKAGE_URL=''
PACKAGE_VERSION='0.2.2'
PATH_SEPARATOR=':'
SET_MAKE=''
SHELL='/bin/bash'
STRIP=''
USE_X86_64_ASM_FALSE=''
USE_X86_64_ASM_TRUE='#'
VERSION='0.2.2'
ac_ct_CC='gcc'
am__EXEEXT_FALSE=''
am__EXEEXT_TRUE='#'
am__fastdepCCAS_FALSE=''
am__fastdepCCAS_TRUE='#'
am__fastdepCC_FALSE=''
am__fastdepCC_TRUE='#'
am__include='include'
am__isrc=''
am__leading_dot='.'
am__nodep='_no'
am__quote=''
am__tar='$${TAR-tar} chof - "$$tardir"'
am__untar='$${TAR-tar} xf -'
bindir='${exec_prefix}/bin'
build='i686-pc-linux-gnu'
build_alias=''
build_cpu='i686'
build_os='linux-gnu'
build_vendor='pc'
datadir='${datarootdir}'
datarootdir='${prefix}/share'
docdir='${datarootdir}/doc/${PACKAGE_TARNAME}'
dvidir='${docdir}'
exec_prefix='${prefix}'
host='i686-pc-linux-gnu'
host_alias=''
host_cpu='i686'
host_os='linux-gnu'
host_vendor='pc'
htmldir='${docdir}'
includedir='${prefix}/include'
infodir='${datarootdir}/info'
install_sh='${SHELL} /home/schambda/Projects/gameboy/gbunit/realboy-0.2.2/config/install-sh'
libdir='${exec_prefix}/lib'
libexecdir='${exec_prefix}/libexec'
localedir='${datarootdir}/locale'
localstatedir='${prefix}/var'
mandir='${datarootdir}/man'
mkdir_p='$(MKDIR_P)'
oldincludedir='/usr/include'
pdfdir='${docdir}'
prefix='/usr/local'
program_transform_name='s,x,x,'
psdir='${docdir}'
sbindir='${exec_prefix}/sbin'
sharedstatedir='${prefix}/com'
sysconfdir='${prefix}/etc'
target='i686-pc-linux-gnu'
target_alias=''
target_cpu='i686'
target_os='linux-gnu'
target_vendor='pc'

## ----------- ##
## confdefs.h. ##
## ----------- ##

/* confdefs.h */
#define PACKAGE_NAME "RealBoy"
#define PACKAGE_TARNAME "realboy"
#define PACKAGE_VERSION "0.2.2"
#define PACKAGE_STRING "RealBoy 0.2.2"
#define PACKAGE_BUGREPORT ""
#define PACKAGE_URL ""
#define PACKAGE "realboy"
#define VERSION "0.2.2"
#define HAVE_LIBSDL 1
#define STDC_HEADERS 1
#define HAVE_SYS_TYPES_H 1
#define HAVE_SYS_STAT_H 1
#define HAVE_STDLIB_H 1
#define HAVE_STRING_H 1
#define HAVE_MEMORY_H 1
#define HAVE_STRINGS_H 1
#define HAVE_INTTYPES_H 1
#define HAVE_STDINT_H 1
#define HAVE_UNISTD_H 1
#define HAVE_FCNTL_H 1
#define HAVE_STDLIB_H 1
#define HAVE_STRING_H 1
#define HAVE_SYS_TIME_H 1
#define HAVE_TERMIOS_H 1
#define HAVE_UNISTD_H 1
#define HAVE_SDL_SDL_H 1
#define HAVE_ATEXIT 1
#define HAVE_GETCWD 1
#define HAVE_GETTIMEOFDAY 1
#define HAVE_MEMSET 1
#define HAVE_STRNDUP 1

configure: exit 0
